<?xml version="1.0" encoding="UTF-8"?>
<!-- Generated by org.testng.reporters.JUnitReportReporter -->
<testsuite skipped="0" hostname="DESKTOP-BHV63A3" name="ListOfMethods" tests="2" failures="0" timestamp="21 Feb 2022 05:32:18 GMT" time="5.296" errors="0">
  <testcase name="getMethod" time="4.816" classname="ListOfMethods"/>
  <testcase name="getMethod2" time="0.480" classname="ListOfMethods"/>
</testsuite> <!-- ListOfMethods -->
